<?xml version="1.0" encoding="UTF-8"?>
<testsuite xmlns:xsi="http://www.w3.org/2001/XMLSchema-instance" xsi:noNamespaceSchemaLocation="https://maven.apache.org/surefire/maven-surefire-plugin/xsd/surefire-test-report.xsd" name="hello.ApplicationTests" time="12.211" tests="7" errors="0" skipped="0" failures="0">
  <properties>
[...]
</properties>
  <testcase name="startsWith" classname="hello.ApplicationTests" time="1.007"/>
  <testcase name="delete" classname="hello.ApplicationTests" time="0.068"/>
  <testcase name="rename" classname="hello.ApplicationTests" time="0.076"/>
  <testcase name="findAll" classname="hello.ApplicationTests" time="0.03"/>
  <testcase name="findTop5" classname="hello.ApplicationTests" time="0.035"/>
  <testcase name="find" classname="hello.ApplicationTests" time="0.102"/>
  <testcase name="like" classname="hello.ApplicationTests" time="0.028"/>
</testsuite>